Copyright 1986-2015 Xilinx, Inc. All Rights Reserved.
-------------------------------------------------------------------------------------------------------------------------------------------------------------
| Tool Version : Vivado v.2015.4 (win64) Build 1412921 Wed Nov 18 09:43:45 MST 2015
| Date         : Thu Feb 04 02:02:34 2016
| Host         : DESKTOP-3RI855O running 64-bit major release  (build 9200)
| Command      : report_timing_summary -warn_on_violation -max_paths 10 -file part_2_top_timing_summary_routed.rpt -rpx part_2_top_timing_summary_routed.rpx
| Design       : part_2_top
| Device       : 7a35t-cpg236
| Speed File   : -1  PRODUCTION 1.14 2014-09-11
-------------------------------------------------------------------------------------------------------------------------------------------------------------

Timing Summary Report

------------------------------------------------------------------------------------------------
| Timer Settings
| --------------
------------------------------------------------------------------------------------------------

  Enable Multi Corner Analysis               :  Yes
  Enable Pessimism Removal                   :  Yes
  Pessimism Removal Resolution               :  Nearest Common Node
  Enable Input Delay Default Clock           :  No
  Enable Preset / Clear Arcs                 :  No
  Disable Flight Delays                      :  No
  Ignore I/O Paths                           :  No
  Timing Early Launch at Borrowing Latches   :  false

  Corner  Analyze    Analyze    
  Name    Max Paths  Min Paths  
  ------  ---------  ---------  
  Slow    Yes        Yes        
  Fast    Yes        Yes        



check_timing report

Table of Contents
-----------------
1. checking no_clock
2. checking constant_clock
3. checking pulse_width_clock
4. checking unconstrained_internal_endpoints
5. checking no_input_delay
6. checking no_output_delay
7. checking multiple_clock
8. checking generated_clocks
9. checking loops
10. checking partial_input_delay
11. checking partial_output_delay
12. checking latch_loops

1. checking no_clock
--------------------
 There are 2 register/latch pins with no clock driven by root clock pin: mmcm/count_100K_reg[10]/C (HIGH)

 There are 2 register/latch pins with no clock driven by root clock pin: mmcm/count_100K_reg[11]/C (HIGH)

 There are 2 register/latch pins with no clock driven by root clock pin: mmcm/count_100K_reg[12]/C (HIGH)

 There are 2 register/latch pins with no clock driven by root clock pin: mmcm/count_100K_reg[13]/C (HIGH)

 There are 2 register/latch pins with no clock driven by root clock pin: mmcm/count_100K_reg[14]/C (HIGH)

 There are 2 register/latch pins with no clock driven by root clock pin: mmcm/count_100K_reg[15]/C (HIGH)

 There are 2 register/latch pins with no clock driven by root clock pin: mmcm/count_100K_reg[16]/C (HIGH)

 There are 2 register/latch pins with no clock driven by root clock pin: mmcm/count_100K_reg[4]/C (HIGH)

 There are 2 register/latch pins with no clock driven by root clock pin: mmcm/count_100K_reg[5]/C (HIGH)

 There are 2 register/latch pins with no clock driven by root clock pin: mmcm/count_100K_reg[6]/C (HIGH)

 There are 2 register/latch pins with no clock driven by root clock pin: mmcm/count_100K_reg[7]/C (HIGH)

 There are 2 register/latch pins with no clock driven by root clock pin: mmcm/count_100K_reg[8]/C (HIGH)

 There are 2 register/latch pins with no clock driven by root clock pin: mmcm/count_100K_reg[9]/C (HIGH)


2. checking constant_clock
--------------------------
 There are 0 register/latch pins with constant_clock.


3. checking pulse_width_clock
-----------------------------
 There are 0 register/latch pins which need pulse_width check


4. checking unconstrained_internal_endpoints
--------------------------------------------
 There are 2 pins that are not constrained for maximum delay. (HIGH)

 There are 0 pins that are not constrained for maximum delay due to constant clock.


5. checking no_input_delay
--------------------------
 There are 0 input ports with no input delay specified.

 There are 0 input ports with no input delay but user has a false path constraint.


6. checking no_output_delay
---------------------------
 There are 10 ports with no output delay specified. (HIGH)

 There are 0 ports with no output delay but user has a false path constraint

 There are 0 ports with no output delay but with a timing clock defined on it or propagating through it


7. checking multiple_clock
--------------------------
 There are 0 register/latch pins with multiple clocks.


8. checking generated_clocks
----------------------------
 There are 0 generated clocks that are not connected to a clock source.


9. checking loops
-----------------
 There are 0 combinational loops in the design.


10. checking partial_input_delay
--------------------------------
 There are 0 input ports with partial input delay specified.


11. checking partial_output_delay
---------------------------------
 There are 0 ports with partial output delay specified.


12. checking latch_loops
------------------------
 There are 0 combinational latch loops in the design through latch input



------------------------------------------------------------------------------------------------
| Design Timing Summary
| ---------------------
------------------------------------------------------------------------------------------------

    WNS(ns)      TNS(ns)  TNS Failing Endpoints  TNS Total Endpoints      WHS(ns)      THS(ns)  THS Failing Endpoints  THS Total Endpoints     WPWS(ns)     TPWS(ns)  TPWS Failing Endpoints  TPWS Total Endpoints  
    -------      -------  ---------------------  -------------------      -------      -------  ---------------------  -------------------     --------     --------  ----------------------  --------------------  
      5.949        0.000                      0                   33        0.264        0.000                      0                   33        4.500        0.000                       0                    18  


All user specified timing constraints are met.


------------------------------------------------------------------------------------------------
| Clock Summary
| -------------
------------------------------------------------------------------------------------------------

Clock        Waveform(ns)       Period(ns)      Frequency(MHz)
-----        ------------       ----------      --------------
sys_clk_pin  {0.000 5.000}      10.000          100.000         


------------------------------------------------------------------------------------------------
| Intra Clock Table
| -----------------
------------------------------------------------------------------------------------------------

Clock             WNS(ns)      TNS(ns)  TNS Failing Endpoints  TNS Total Endpoints      WHS(ns)      THS(ns)  THS Failing Endpoints  THS Total Endpoints     WPWS(ns)     TPWS(ns)  TPWS Failing Endpoints  TPWS Total Endpoints  
-----             -------      -------  ---------------------  -------------------      -------      -------  ---------------------  -------------------     --------     --------  ----------------------  --------------------  
sys_clk_pin         5.949        0.000                      0                   33        0.264        0.000                      0                   33        4.500        0.000                       0                    18  


------------------------------------------------------------------------------------------------
| Inter Clock Table
| -----------------
------------------------------------------------------------------------------------------------

From Clock    To Clock          WNS(ns)      TNS(ns)  TNS Failing Endpoints  TNS Total Endpoints      WHS(ns)      THS(ns)  THS Failing Endpoints  THS Total Endpoints  
----------    --------          -------      -------  ---------------------  -------------------      -------      -------  ---------------------  -------------------  


------------------------------------------------------------------------------------------------
| Other Path Groups Table
| -----------------------
------------------------------------------------------------------------------------------------

Path Group    From Clock    To Clock          WNS(ns)      TNS(ns)  TNS Failing Endpoints  TNS Total Endpoints      WHS(ns)      THS(ns)  THS Failing Endpoints  THS Total Endpoints  
----------    ----------    --------          -------      -------  ---------------------  -------------------      -------      -------  ---------------------  -------------------  


------------------------------------------------------------------------------------------------
| Timing Details
| --------------
------------------------------------------------------------------------------------------------


---------------------------------------------------------------------------------------------------
From Clock:  sys_clk_pin
  To Clock:  sys_clk_pin

Setup :            0  Failing Endpoints,  Worst Slack        5.949ns,  Total Violation        0.000ns
Hold  :            0  Failing Endpoints,  Worst Slack        0.264ns,  Total Violation        0.000ns
PW    :            0  Failing Endpoints,  Worst Slack        4.500ns,  Total Violation        0.000ns
---------------------------------------------------------------------------------------------------


Max Delay Paths
--------------------------------------------------------------------------------------
Slack (MET) :             5.949ns  (required time - arrival time)
  Source:                 mmcm/count_100K_reg[3]/C
                            (rising edge-triggered cell FDRE clocked by sys_clk_pin  {rise@0.000ns fall@5.000ns period=10.000ns})
  Destination:            mmcm/count_100K_reg[13]/R
                            (rising edge-triggered cell FDRE clocked by sys_clk_pin  {rise@0.000ns fall@5.000ns period=10.000ns})
  Path Group:             sys_clk_pin
  Path Type:              Setup (Max at Slow Process Corner)
  Requirement:            10.000ns  (sys_clk_pin rise@10.000ns - sys_clk_pin rise@0.000ns)
  Data Path Delay:        3.560ns  (logic 0.930ns (26.127%)  route 2.630ns (73.873%))
  Logic Levels:           2  (LUT4=1 LUT6=1)
  Clock Path Skew:        -0.027ns (DCD - SCD + CPR)
    Destination Clock Delay (DCD):    4.845ns = ( 14.845 - 10.000 ) 
    Source Clock Delay      (SCD):    5.146ns
    Clock Pessimism Removal (CPR):    0.274ns
  Clock Uncertainty:      0.035ns  ((TSJ^2 + TIJ^2)^1/2 + DJ) / 2 + PE
    Total System Jitter     (TSJ):    0.071ns
    Total Input Jitter      (TIJ):    0.000ns
    Discrete Jitter          (DJ):    0.000ns
    Phase Error              (PE):    0.000ns

    Location             Delay type                Incr(ns)  Path(ns)    Netlist Resource(s)
  -------------------------------------------------------------------    -------------------
                         (clock sys_clk_pin rise edge)
                                                      0.000     0.000 r  
    W5                                                0.000     0.000 r  clk (IN)
                         net (fo=0)                   0.000     0.000    clk
    W5                   IBUF (Prop_ibuf_I_O)         1.458     1.458 r  clk_IBUF_inst/O
                         net (fo=1, routed)           1.967     3.425    clk_IBUF
    BUFGCTRL_X0Y0        BUFG (Prop_bufg_I_O)         0.096     3.521 r  clk_IBUF_BUFG_inst/O
                         net (fo=17, routed)          1.625     5.146    mmcm/clk_IBUF_BUFG
    SLICE_X65Y20         FDRE                                         r  mmcm/count_100K_reg[3]/C
  -------------------------------------------------------------------    -------------------
    SLICE_X65Y20         FDRE (Prop_fdre_C_Q)         0.456     5.602 r  mmcm/count_100K_reg[3]/Q
                         net (fo=2, routed)           0.862     6.464    mmcm/count_100K[3]
    SLICE_X64Y20         LUT4 (Prop_lut4_I2_O)        0.146     6.610 r  mmcm/count_100K[16]_i_3/O
                         net (fo=1, routed)           0.663     7.273    mmcm/count_100K[16]_i_3_n_0
    SLICE_X64Y21         LUT6 (Prop_lut6_I3_O)        0.328     7.601 r  mmcm/count_100K[16]_i_1/O
                         net (fo=16, routed)          1.105     8.706    mmcm/count_100K[16]_i_1_n_0
    SLICE_X65Y23         FDRE                                         r  mmcm/count_100K_reg[13]/R
  -------------------------------------------------------------------    -------------------

                         (clock sys_clk_pin rise edge)
                                                     10.000    10.000 r  
    W5                                                0.000    10.000 r  clk (IN)
                         net (fo=0)                   0.000    10.000    clk
    W5                   IBUF (Prop_ibuf_I_O)         1.388    11.388 r  clk_IBUF_inst/O
                         net (fo=1, routed)           1.862    13.250    clk_IBUF
    BUFGCTRL_X0Y0        BUFG (Prop_bufg_I_O)         0.091    13.341 r  clk_IBUF_BUFG_inst/O
                         net (fo=17, routed)          1.504    14.845    mmcm/clk_IBUF_BUFG
    SLICE_X65Y23         FDRE                                         r  mmcm/count_100K_reg[13]/C
                         clock pessimism              0.274    15.119    
                         clock uncertainty           -0.035    15.084    
    SLICE_X65Y23         FDRE (Setup_fdre_C_R)       -0.429    14.655    mmcm/count_100K_reg[13]
  -------------------------------------------------------------------
                         required time                         14.655    
                         arrival time                          -8.706    
  -------------------------------------------------------------------
                         slack                                  5.949    

Slack (MET) :             5.949ns  (required time - arrival time)
  Source:                 mmcm/count_100K_reg[3]/C
                            (rising edge-triggered cell FDRE clocked by sys_clk_pin  {rise@0.000ns fall@5.000ns period=10.000ns})
  Destination:            mmcm/count_100K_reg[14]/R
                            (rising edge-triggered cell FDRE clocked by sys_clk_pin  {rise@0.000ns fall@5.000ns period=10.000ns})
  Path Group:             sys_clk_pin
  Path Type:              Setup (Max at Slow Process Corner)
  Requirement:            10.000ns  (sys_clk_pin rise@10.000ns - sys_clk_pin rise@0.000ns)
  Data Path Delay:        3.560ns  (logic 0.930ns (26.127%)  route 2.630ns (73.873%))
  Logic Levels:           2  (LUT4=1 LUT6=1)
  Clock Path Skew:        -0.027ns (DCD - SCD + CPR)
    Destination Clock Delay (DCD):    4.845ns = ( 14.845 - 10.000 ) 
    Source Clock Delay      (SCD):    5.146ns
    Clock Pessimism Removal (CPR):    0.274ns
  Clock Uncertainty:      0.035ns  ((TSJ^2 + TIJ^2)^1/2 + DJ) / 2 + PE
    Total System Jitter     (TSJ):    0.071ns
    Total Input Jitter      (TIJ):    0.000ns
    Discrete Jitter          (DJ):    0.000ns
    Phase Error              (PE):    0.000ns

    Location             Delay type                Incr(ns)  Path(ns)    Netlist Resource(s)
  -------------------------------------------------------------------    -------------------
                         (clock sys_clk_pin rise edge)
                                                      0.000     0.000 r  
    W5                                                0.000     0.000 r  clk (IN)
                         net (fo=0)                   0.000     0.000    clk
    W5                   IBUF (Prop_ibuf_I_O)         1.458     1.458 r  clk_IBUF_inst/O
                         net (fo=1, routed)           1.967     3.425    clk_IBUF
    BUFGCTRL_X0Y0        BUFG (Prop_bufg_I_O)         0.096     3.521 r  clk_IBUF_BUFG_inst/O
                         net (fo=17, routed)          1.625     5.146    mmcm/clk_IBUF_BUFG
    SLICE_X65Y20         FDRE                                         r  mmcm/count_100K_reg[3]/C
  -------------------------------------------------------------------    -------------------
    SLICE_X65Y20         FDRE (Prop_fdre_C_Q)         0.456     5.602 r  mmcm/count_100K_reg[3]/Q
                         net (fo=2, routed)           0.862     6.464    mmcm/count_100K[3]
    SLICE_X64Y20         LUT4 (Prop_lut4_I2_O)        0.146     6.610 r  mmcm/count_100K[16]_i_3/O
                         net (fo=1, routed)           0.663     7.273    mmcm/count_100K[16]_i_3_n_0
    SLICE_X64Y21         LUT6 (Prop_lut6_I3_O)        0.328     7.601 r  mmcm/count_100K[16]_i_1/O
                         net (fo=16, routed)          1.105     8.706    mmcm/count_100K[16]_i_1_n_0
    SLICE_X65Y23         FDRE                                         r  mmcm/count_100K_reg[14]/R
  -------------------------------------------------------------------    -------------------

                         (clock sys_clk_pin rise edge)
                                                     10.000    10.000 r  
    W5                                                0.000    10.000 r  clk (IN)
                         net (fo=0)                   0.000    10.000    clk
    W5                   IBUF (Prop_ibuf_I_O)         1.388    11.388 r  clk_IBUF_inst/O
                         net (fo=1, routed)           1.862    13.250    clk_IBUF
    BUFGCTRL_X0Y0        BUFG (Prop_bufg_I_O)         0.091    13.341 r  clk_IBUF_BUFG_inst/O
                         net (fo=17, routed)          1.504    14.845    mmcm/clk_IBUF_BUFG
    SLICE_X65Y23         FDRE                                         r  mmcm/count_100K_reg[14]/C
                         clock pessimism              0.274    15.119    
                         clock uncertainty           -0.035    15.084    
    SLICE_X65Y23         FDRE (Setup_fdre_C_R)       -0.429    14.655    mmcm/count_100K_reg[14]
  -------------------------------------------------------------------
                         required time                         14.655    
                         arrival time                          -8.706    
  -------------------------------------------------------------------
                         slack                                  5.949    

Slack (MET) :             5.949ns  (required time - arrival time)
  Source:                 mmcm/count_100K_reg[3]/C
                            (rising edge-triggered cell FDRE clocked by sys_clk_pin  {rise@0.000ns fall@5.000ns period=10.000ns})
  Destination:            mmcm/count_100K_reg[15]/R
                            (rising edge-triggered cell FDRE clocked by sys_clk_pin  {rise@0.000ns fall@5.000ns period=10.000ns})
  Path Group:             sys_clk_pin
  Path Type:              Setup (Max at Slow Process Corner)
  Requirement:            10.000ns  (sys_clk_pin rise@10.000ns - sys_clk_pin rise@0.000ns)
  Data Path Delay:        3.560ns  (logic 0.930ns (26.127%)  route 2.630ns (73.873%))
  Logic Levels:           2  (LUT4=1 LUT6=1)
  Clock Path Skew:        -0.027ns (DCD - SCD + CPR)
    Destination Clock Delay (DCD):    4.845ns = ( 14.845 - 10.000 ) 
    Source Clock Delay      (SCD):    5.146ns
    Clock Pessimism Removal (CPR):    0.274ns
  Clock Uncertainty:      0.035ns  ((TSJ^2 + TIJ^2)^1/2 + DJ) / 2 + PE
    Total System Jitter     (TSJ):    0.071ns
    Total Input Jitter      (TIJ):    0.000ns
    Discrete Jitter          (DJ):    0.000ns
    Phase Error              (PE):    0.000ns

    Location             Delay type                Incr(ns)  Path(ns)    Netlist Resource(s)
  -------------------------------------------------------------------    -------------------
                         (clock sys_clk_pin rise edge)
                                                      0.000     0.000 r  
    W5                                                0.000     0.000 r  clk (IN)
                         net (fo=0)                   0.000     0.000    clk
    W5                   IBUF (Prop_ibuf_I_O)         1.458     1.458 r  clk_IBUF_inst/O
                         net (fo=1, routed)           1.967     3.425    clk_IBUF
    BUFGCTRL_X0Y0        BUFG (Prop_bufg_I_O)         0.096     3.521 r  clk_IBUF_BUFG_inst/O
                         net (fo=17, routed)          1.625     5.146    mmcm/clk_IBUF_BUFG
    SLICE_X65Y20         FDRE                                         r  mmcm/count_100K_reg[3]/C
  -------------------------------------------------------------------    -------------------
    SLICE_X65Y20         FDRE (Prop_fdre_C_Q)         0.456     5.602 r  mmcm/count_100K_reg[3]/Q
                         net (fo=2, routed)           0.862     6.464    mmcm/count_100K[3]
    SLICE_X64Y20         LUT4 (Prop_lut4_I2_O)        0.146     6.610 r  mmcm/count_100K[16]_i_3/O
                         net (fo=1, routed)           0.663     7.273    mmcm/count_100K[16]_i_3_n_0
    SLICE_X64Y21         LUT6 (Prop_lut6_I3_O)        0.328     7.601 r  mmcm/count_100K[16]_i_1/O
                         net (fo=16, routed)          1.105     8.706    mmcm/count_100K[16]_i_1_n_0
    SLICE_X65Y23         FDRE                                         r  mmcm/count_100K_reg[15]/R
  -------------------------------------------------------------------    -------------------

                         (clock sys_clk_pin rise edge)
                                                     10.000    10.000 r  
    W5                                                0.000    10.000 r  clk (IN)
                         net (fo=0)                   0.000    10.000    clk
    W5                   IBUF (Prop_ibuf_I_O)         1.388    11.388 r  clk_IBUF_inst/O
                         net (fo=1, routed)           1.862    13.250    clk_IBUF
    BUFGCTRL_X0Y0        BUFG (Prop_bufg_I_O)         0.091    13.341 r  clk_IBUF_BUFG_inst/O
                         net (fo=17, routed)          1.504    14.845    mmcm/clk_IBUF_BUFG
    SLICE_X65Y23         FDRE                                         r  mmcm/count_100K_reg[15]/C
                         clock pessimism              0.274    15.119    
                         clock uncertainty           -0.035    15.084    
    SLICE_X65Y23         FDRE (Setup_fdre_C_R)       -0.429    14.655    mmcm/count_100K_reg[15]
  -------------------------------------------------------------------
                         required time                         14.655    
                         arrival time                          -8.706    
  -------------------------------------------------------------------
                         slack                                  5.949    

Slack (MET) :             5.949ns  (required time - arrival time)
  Source:                 mmcm/count_100K_reg[3]/C
                            (rising edge-triggered cell FDRE clocked by sys_clk_pin  {rise@0.000ns fall@5.000ns period=10.000ns})
  Destination:            mmcm/count_100K_reg[16]/R
                            (rising edge-triggered cell FDRE clocked by sys_clk_pin  {rise@0.000ns fall@5.000ns period=10.000ns})
  Path Group:             sys_clk_pin
  Path Type:              Setup (Max at Slow Process Corner)
  Requirement:            10.000ns  (sys_clk_pin rise@10.000ns - sys_clk_pin rise@0.000ns)
  Data Path Delay:        3.560ns  (logic 0.930ns (26.127%)  route 2.630ns (73.873%))
  Logic Levels:           2  (LUT4=1 LUT6=1)
  Clock Path Skew:        -0.027ns (DCD - SCD + CPR)
    Destination Clock Delay (DCD):    4.845ns = ( 14.845 - 10.000 ) 
    Source Clock Delay      (SCD):    5.146ns
    Clock Pessimism Removal (CPR):    0.274ns
  Clock Uncertainty:      0.035ns  ((TSJ^2 + TIJ^2)^1/2 + DJ) / 2 + PE
    Total System Jitter     (TSJ):    0.071ns
    Total Input Jitter      (TIJ):    0.000ns
    Discrete Jitter          (DJ):    0.000ns
    Phase Error              (PE):    0.000ns

    Location             Delay type                Incr(ns)  Path(ns)    Netlist Resource(s)
  -------------------------------------------------------------------    -------------------
                         (clock sys_clk_pin rise edge)
                                                      0.000     0.000 r  
    W5                                                0.000     0.000 r  clk (IN)
                         net (fo=0)                   0.000     0.000    clk
    W5                   IBUF (Prop_ibuf_I_O)         1.458     1.458 r  clk_IBUF_inst/O
                         net (fo=1, routed)           1.967     3.425    clk_IBUF
    BUFGCTRL_X0Y0        BUFG (Prop_bufg_I_O)         0.096     3.521 r  clk_IBUF_BUFG_inst/O
                         net (fo=17, routed)          1.625     5.146    mmcm/clk_IBUF_BUFG
    SLICE_X65Y20         FDRE                                         r  mmcm/count_100K_reg[3]/C
  -------------------------------------------------------------------    -------------------
    SLICE_X65Y20         FDRE (Prop_fdre_C_Q)         0.456     5.602 r  mmcm/count_100K_reg[3]/Q
                         net (fo=2, routed)           0.862     6.464    mmcm/count_100K[3]
    SLICE_X64Y20         LUT4 (Prop_lut4_I2_O)        0.146     6.610 r  mmcm/count_100K[16]_i_3/O
                         net (fo=1, routed)           0.663     7.273    mmcm/count_100K[16]_i_3_n_0
    SLICE_X64Y21         LUT6 (Prop_lut6_I3_O)        0.328     7.601 r  mmcm/count_100K[16]_i_1/O
                         net (fo=16, routed)          1.105     8.706    mmcm/count_100K[16]_i_1_n_0
    SLICE_X65Y23         FDRE                                         r  mmcm/count_100K_reg[16]/R
  -------------------------------------------------------------------    -------------------

                         (clock sys_clk_pin rise edge)
                                                     10.000    10.000 r  
    W5                                                0.000    10.000 r  clk (IN)
                         net (fo=0)                   0.000    10.000    clk
    W5                   IBUF (Prop_ibuf_I_O)         1.388    11.388 r  clk_IBUF_inst/O
                         net (fo=1, routed)           1.862    13.250    clk_IBUF
    BUFGCTRL_X0Y0        BUFG (Prop_bufg_I_O)         0.091    13.341 r  clk_IBUF_BUFG_inst/O
                         net (fo=17, routed)          1.504    14.845    mmcm/clk_IBUF_BUFG
    SLICE_X65Y23         FDRE                                         r  mmcm/count_100K_reg[16]/C
                         clock pessimism              0.274    15.119    
                         clock uncertainty           -0.035    15.084    
    SLICE_X65Y23         FDRE (Setup_fdre_C_R)       -0.429    14.655    mmcm/count_100K_reg[16]
  -------------------------------------------------------------------
                         required time                         14.655    
                         arrival time                          -8.706    
  -------------------------------------------------------------------
                         slack                                  5.949    

Slack (MET) :             6.092ns  (required time - arrival time)
  Source:                 mmcm/count_100K_reg[3]/C
                            (rising edge-triggered cell FDRE clocked by sys_clk_pin  {rise@0.000ns fall@5.000ns period=10.000ns})
  Destination:            mmcm/count_100K_reg[10]/R
                            (rising edge-triggered cell FDRE clocked by sys_clk_pin  {rise@0.000ns fall@5.000ns period=10.000ns})
  Path Group:             sys_clk_pin
  Path Type:              Setup (Max at Slow Process Corner)
  Requirement:            10.000ns  (sys_clk_pin rise@10.000ns - sys_clk_pin rise@0.000ns)
  Data Path Delay:        3.418ns  (logic 0.930ns (27.212%)  route 2.488ns (72.788%))
  Logic Levels:           2  (LUT4=1 LUT6=1)
  Clock Path Skew:        -0.026ns (DCD - SCD + CPR)
    Destination Clock Delay (DCD):    4.846ns = ( 14.846 - 10.000 ) 
    Source Clock Delay      (SCD):    5.146ns
    Clock Pessimism Removal (CPR):    0.274ns
  Clock Uncertainty:      0.035ns  ((TSJ^2 + TIJ^2)^1/2 + DJ) / 2 + PE
    Total System Jitter     (TSJ):    0.071ns
    Total Input Jitter      (TIJ):    0.000ns
    Discrete Jitter          (DJ):    0.000ns
    Phase Error              (PE):    0.000ns

    Location             Delay type                Incr(ns)  Path(ns)    Netlist Resource(s)
  -------------------------------------------------------------------    -------------------
                         (clock sys_clk_pin rise edge)
                                                      0.000     0.000 r  
    W5                                                0.000     0.000 r  clk (IN)
                         net (fo=0)                   0.000     0.000    clk
    W5                   IBUF (Prop_ibuf_I_O)         1.458     1.458 r  clk_IBUF_inst/O
                         net (fo=1, routed)           1.967     3.425    clk_IBUF
    BUFGCTRL_X0Y0        BUFG (Prop_bufg_I_O)         0.096     3.521 r  clk_IBUF_BUFG_inst/O
                         net (fo=17, routed)          1.625     5.146    mmcm/clk_IBUF_BUFG
    SLICE_X65Y20         FDRE                                         r  mmcm/count_100K_reg[3]/C
  -------------------------------------------------------------------    -------------------
    SLICE_X65Y20         FDRE (Prop_fdre_C_Q)         0.456     5.602 r  mmcm/count_100K_reg[3]/Q
                         net (fo=2, routed)           0.862     6.464    mmcm/count_100K[3]
    SLICE_X64Y20         LUT4 (Prop_lut4_I2_O)        0.146     6.610 r  mmcm/count_100K[16]_i_3/O
                         net (fo=1, routed)           0.663     7.273    mmcm/count_100K[16]_i_3_n_0
    SLICE_X64Y21         LUT6 (Prop_lut6_I3_O)        0.328     7.601 r  mmcm/count_100K[16]_i_1/O
                         net (fo=16, routed)          0.963     8.564    mmcm/count_100K[16]_i_1_n_0
    SLICE_X65Y22         FDRE                                         r  mmcm/count_100K_reg[10]/R
  -------------------------------------------------------------------    -------------------

                         (clock sys_clk_pin rise edge)
                                                     10.000    10.000 r  
    W5                                                0.000    10.000 r  clk (IN)
                         net (fo=0)                   0.000    10.000    clk
    W5                   IBUF (Prop_ibuf_I_O)         1.388    11.388 r  clk_IBUF_inst/O
                         net (fo=1, routed)           1.862    13.250    clk_IBUF
    BUFGCTRL_X0Y0        BUFG (Prop_bufg_I_O)         0.091    13.341 r  clk_IBUF_BUFG_inst/O
                         net (fo=17, routed)          1.505    14.846    mmcm/clk_IBUF_BUFG
    SLICE_X65Y22         FDRE                                         r  mmcm/count_100K_reg[10]/C
                         clock pessimism              0.274    15.120    
                         clock uncertainty           -0.035    15.085    
    SLICE_X65Y22         FDRE (Setup_fdre_C_R)       -0.429    14.656    mmcm/count_100K_reg[10]
  -------------------------------------------------------------------
                         required time                         14.656    
                         arrival time                          -8.564    
  -------------------------------------------------------------------
                         slack                                  6.092    

Slack (MET) :             6.092ns  (required time - arrival time)
  Source:                 mmcm/count_100K_reg[3]/C
                            (rising edge-triggered cell FDRE clocked by sys_clk_pin  {rise@0.000ns fall@5.000ns period=10.000ns})
  Destination:            mmcm/count_100K_reg[11]/R
                            (rising edge-triggered cell FDRE clocked by sys_clk_pin  {rise@0.000ns fall@5.000ns period=10.000ns})
  Path Group:             sys_clk_pin
  Path Type:              Setup (Max at Slow Process Corner)
  Requirement:            10.000ns  (sys_clk_pin rise@10.000ns - sys_clk_pin rise@0.000ns)
  Data Path Delay:        3.418ns  (logic 0.930ns (27.212%)  route 2.488ns (72.788%))
  Logic Levels:           2  (LUT4=1 LUT6=1)
  Clock Path Skew:        -0.026ns (DCD - SCD + CPR)
    Destination Clock Delay (DCD):    4.846ns = ( 14.846 - 10.000 ) 
    Source Clock Delay      (SCD):    5.146ns
    Clock Pessimism Removal (CPR):    0.274ns
  Clock Uncertainty:      0.035ns  ((TSJ^2 + TIJ^2)^1/2 + DJ) / 2 + PE
    Total System Jitter     (TSJ):    0.071ns
    Total Input Jitter      (TIJ):    0.000ns
    Discrete Jitter          (DJ):    0.000ns
    Phase Error              (PE):    0.000ns

    Location             Delay type                Incr(ns)  Path(ns)    Netlist Resource(s)
  -------------------------------------------------------------------    -------------------
                         (clock sys_clk_pin rise edge)
                                                      0.000     0.000 r  
    W5                                                0.000     0.000 r  clk (IN)
                         net (fo=0)                   0.000     0.000    clk
    W5                   IBUF (Prop_ibuf_I_O)         1.458     1.458 r  clk_IBUF_inst/O
                         net (fo=1, routed)           1.967     3.425    clk_IBUF
    BUFGCTRL_X0Y0        BUFG (Prop_bufg_I_O)         0.096     3.521 r  clk_IBUF_BUFG_inst/O
                         net (fo=17, routed)          1.625     5.146    mmcm/clk_IBUF_BUFG
    SLICE_X65Y20         FDRE                                         r  mmcm/count_100K_reg[3]/C
  -------------------------------------------------------------------    -------------------
    SLICE_X65Y20         FDRE (Prop_fdre_C_Q)         0.456     5.602 r  mmcm/count_100K_reg[3]/Q
                         net (fo=2, routed)           0.862     6.464    mmcm/count_100K[3]
    SLICE_X64Y20         LUT4 (Prop_lut4_I2_O)        0.146     6.610 r  mmcm/count_100K[16]_i_3/O
                         net (fo=1, routed)           0.663     7.273    mmcm/count_100K[16]_i_3_n_0
    SLICE_X64Y21         LUT6 (Prop_lut6_I3_O)        0.328     7.601 r  mmcm/count_100K[16]_i_1/O
                         net (fo=16, routed)          0.963     8.564    mmcm/count_100K[16]_i_1_n_0
    SLICE_X65Y22         FDRE                                         r  mmcm/count_100K_reg[11]/R
  -------------------------------------------------------------------    -------------------

                         (clock sys_clk_pin rise edge)
                                                     10.000    10.000 r  
    W5                                                0.000    10.000 r  clk (IN)
                         net (fo=0)                   0.000    10.000    clk
    W5                   IBUF (Prop_ibuf_I_O)         1.388    11.388 r  clk_IBUF_inst/O
                         net (fo=1, routed)           1.862    13.250    clk_IBUF
    BUFGCTRL_X0Y0        BUFG (Prop_bufg_I_O)         0.091    13.341 r  clk_IBUF_BUFG_inst/O
                         net (fo=17, routed)          1.505    14.846    mmcm/clk_IBUF_BUFG
    SLICE_X65Y22         FDRE                                         r  mmcm/count_100K_reg[11]/C
                         clock pessimism              0.274    15.120    
                         clock uncertainty           -0.035    15.085    
    SLICE_X65Y22         FDRE (Setup_fdre_C_R)       -0.429    14.656    mmcm/count_100K_reg[11]
  -------------------------------------------------------------------
                         required time                         14.656    
                         arrival time                          -8.564    
  -------------------------------------------------------------------
                         slack                                  6.092    

Slack (MET) :             6.092ns  (required time - arrival time)
  Source:                 mmcm/count_100K_reg[3]/C
                            (rising edge-triggered cell FDRE clocked by sys_clk_pin  {rise@0.000ns fall@5.000ns period=10.000ns})
  Destination:            mmcm/count_100K_reg[12]/R
                            (rising edge-triggered cell FDRE clocked by sys_clk_pin  {rise@0.000ns fall@5.000ns period=10.000ns})
  Path Group:             sys_clk_pin
  Path Type:              Setup (Max at Slow Process Corner)
  Requirement:            10.000ns  (sys_clk_pin rise@10.000ns - sys_clk_pin rise@0.000ns)
  Data Path Delay:        3.418ns  (logic 0.930ns (27.212%)  route 2.488ns (72.788%))
  Logic Levels:           2  (LUT4=1 LUT6=1)
  Clock Path Skew:        -0.026ns (DCD - SCD + CPR)
    Destination Clock Delay (DCD):    4.846ns = ( 14.846 - 10.000 ) 
    Source Clock Delay      (SCD):    5.146ns
    Clock Pessimism Removal (CPR):    0.274ns
  Clock Uncertainty:      0.035ns  ((TSJ^2 + TIJ^2)^1/2 + DJ) / 2 + PE
    Total System Jitter     (TSJ):    0.071ns
    Total Input Jitter      (TIJ):    0.000ns
    Discrete Jitter          (DJ):    0.000ns
    Phase Error              (PE):    0.000ns

    Location             Delay type                Incr(ns)  Path(ns)    Netlist Resource(s)
  -------------------------------------------------------------------    -------------------
                         (clock sys_clk_pin rise edge)
                                                      0.000     0.000 r  
    W5                                                0.000     0.000 r  clk (IN)
                         net (fo=0)                   0.000     0.000    clk
    W5                   IBUF (Prop_ibuf_I_O)         1.458     1.458 r  clk_IBUF_inst/O
                         net (fo=1, routed)           1.967     3.425    clk_IBUF
    BUFGCTRL_X0Y0        BUFG (Prop_bufg_I_O)         0.096     3.521 r  clk_IBUF_BUFG_inst/O
                         net (fo=17, routed)          1.625     5.146    mmcm/clk_IBUF_BUFG
    SLICE_X65Y20         FDRE                                         r  mmcm/count_100K_reg[3]/C
  -------------------------------------------------------------------    -------------------
    SLICE_X65Y20         FDRE (Prop_fdre_C_Q)         0.456     5.602 r  mmcm/count_100K_reg[3]/Q
                         net (fo=2, routed)           0.862     6.464    mmcm/count_100K[3]
    SLICE_X64Y20         LUT4 (Prop_lut4_I2_O)        0.146     6.610 r  mmcm/count_100K[16]_i_3/O
                         net (fo=1, routed)           0.663     7.273    mmcm/count_100K[16]_i_3_n_0
    SLICE_X64Y21         LUT6 (Prop_lut6_I3_O)        0.328     7.601 r  mmcm/count_100K[16]_i_1/O
                         net (fo=16, routed)          0.963     8.564    mmcm/count_100K[16]_i_1_n_0
    SLICE_X65Y22         FDRE                                         r  mmcm/count_100K_reg[12]/R
  -------------------------------------------------------------------    -------------------

                         (clock sys_clk_pin rise edge)
                                                     10.000    10.000 r  
    W5                                                0.000    10.000 r  clk (IN)
                         net (fo=0)                   0.000    10.000    clk
    W5                   IBUF (Prop_ibuf_I_O)         1.388    11.388 r  clk_IBUF_inst/O
                         net (fo=1, routed)           1.862    13.250    clk_IBUF
    BUFGCTRL_X0Y0        BUFG (Prop_bufg_I_O)         0.091    13.341 r  clk_IBUF_BUFG_inst/O
                         net (fo=17, routed)          1.505    14.846    mmcm/clk_IBUF_BUFG
    SLICE_X65Y22         FDRE                                         r  mmcm/count_100K_reg[12]/C
                         clock pessimism              0.274    15.120    
                         clock uncertainty           -0.035    15.085    
    SLICE_X65Y22         FDRE (Setup_fdre_C_R)       -0.429    14.656    mmcm/count_100K_reg[12]
  -------------------------------------------------------------------
                         required time                         14.656    
                         arrival time                          -8.564    
  -------------------------------------------------------------------
                         slack                                  6.092    

Slack (MET) :             6.092ns  (required time - arrival time)
  Source:                 mmcm/count_100K_reg[3]/C
                            (rising edge-triggered cell FDRE clocked by sys_clk_pin  {rise@0.000ns fall@5.000ns period=10.000ns})
  Destination:            mmcm/count_100K_reg[9]/R
                            (rising edge-triggered cell FDRE clocked by sys_clk_pin  {rise@0.000ns fall@5.000ns period=10.000ns})
  Path Group:             sys_clk_pin
  Path Type:              Setup (Max at Slow Process Corner)
  Requirement:            10.000ns  (sys_clk_pin rise@10.000ns - sys_clk_pin rise@0.000ns)
  Data Path Delay:        3.418ns  (logic 0.930ns (27.212%)  route 2.488ns (72.788%))
  Logic Levels:           2  (LUT4=1 LUT6=1)
  Clock Path Skew:        -0.026ns (DCD - SCD + CPR)
    Destination Clock Delay (DCD):    4.846ns = ( 14.846 - 10.000 ) 
    Source Clock Delay      (SCD):    5.146ns
    Clock Pessimism Removal (CPR):    0.274ns
  Clock Uncertainty:      0.035ns  ((TSJ^2 + TIJ^2)^1/2 + DJ) / 2 + PE
    Total System Jitter     (TSJ):    0.071ns
    Total Input Jitter      (TIJ):    0.000ns
    Discrete Jitter          (DJ):    0.000ns
    Phase Error              (PE):    0.000ns

    Location             Delay type                Incr(ns)  Path(ns)    Netlist Resource(s)
  -------------------------------------------------------------------    -------------------
                         (clock sys_clk_pin rise edge)
                                                      0.000     0.000 r  
    W5                                                0.000     0.000 r  clk (IN)
                         net (fo=0)                   0.000     0.000    clk
    W5                   IBUF (Prop_ibuf_I_O)         1.458     1.458 r  clk_IBUF_inst/O
                         net (fo=1, routed)           1.967     3.425    clk_IBUF
    BUFGCTRL_X0Y0        BUFG (Prop_bufg_I_O)         0.096     3.521 r  clk_IBUF_BUFG_inst/O
                         net (fo=17, routed)          1.625     5.146    mmcm/clk_IBUF_BUFG
    SLICE_X65Y20         FDRE                                         r  mmcm/count_100K_reg[3]/C
  -------------------------------------------------------------------    -------------------
    SLICE_X65Y20         FDRE (Prop_fdre_C_Q)         0.456     5.602 r  mmcm/count_100K_reg[3]/Q
                         net (fo=2, routed)           0.862     6.464    mmcm/count_100K[3]
    SLICE_X64Y20         LUT4 (Prop_lut4_I2_O)        0.146     6.610 r  mmcm/count_100K[16]_i_3/O
                         net (fo=1, routed)           0.663     7.273    mmcm/count_100K[16]_i_3_n_0
    SLICE_X64Y21         LUT6 (Prop_lut6_I3_O)        0.328     7.601 r  mmcm/count_100K[16]_i_1/O
                         net (fo=16, routed)          0.963     8.564    mmcm/count_100K[16]_i_1_n_0
    SLICE_X65Y22         FDRE                                         r  mmcm/count_100K_reg[9]/R
  -------------------------------------------------------------------    -------------------

                         (clock sys_clk_pin rise edge)
                                                     10.000    10.000 r  
    W5                                                0.000    10.000 r  clk (IN)
                         net (fo=0)                   0.000    10.000    clk
    W5                   IBUF (Prop_ibuf_I_O)         1.388    11.388 r  clk_IBUF_inst/O
                         net (fo=1, routed)           1.862    13.250    clk_IBUF
    BUFGCTRL_X0Y0        BUFG (Prop_bufg_I_O)         0.091    13.341 r  clk_IBUF_BUFG_inst/O
                         net (fo=17, routed)          1.505    14.846    mmcm/clk_IBUF_BUFG
    SLICE_X65Y22         FDRE                                         r  mmcm/count_100K_reg[9]/C
                         clock pessimism              0.274    15.120    
                         clock uncertainty           -0.035    15.085    
    SLICE_X65Y22         FDRE (Setup_fdre_C_R)       -0.429    14.656    mmcm/count_100K_reg[9]
  -------------------------------------------------------------------
                         required time                         14.656    
                         arrival time                          -8.564    
  -------------------------------------------------------------------
                         slack                                  6.092    

Slack (MET) :             6.246ns  (required time - arrival time)
  Source:                 mmcm/count_100K_reg[3]/C
                            (rising edge-triggered cell FDRE clocked by sys_clk_pin  {rise@0.000ns fall@5.000ns period=10.000ns})
  Destination:            mmcm/count_100K_reg[5]/R
                            (rising edge-triggered cell FDRE clocked by sys_clk_pin  {rise@0.000ns fall@5.000ns period=10.000ns})
  Path Group:             sys_clk_pin
  Path Type:              Setup (Max at Slow Process Corner)
  Requirement:            10.000ns  (sys_clk_pin rise@10.000ns - sys_clk_pin rise@0.000ns)
  Data Path Delay:        3.266ns  (logic 0.930ns (28.476%)  route 2.336ns (71.524%))
  Logic Levels:           2  (LUT4=1 LUT6=1)
  Clock Path Skew:        -0.024ns (DCD - SCD + CPR)
    Destination Clock Delay (DCD):    4.848ns = ( 14.848 - 10.000 ) 
    Source Clock Delay      (SCD):    5.146ns
    Clock Pessimism Removal (CPR):    0.274ns
  Clock Uncertainty:      0.035ns  ((TSJ^2 + TIJ^2)^1/2 + DJ) / 2 + PE
    Total System Jitter     (TSJ):    0.071ns
    Total Input Jitter      (TIJ):    0.000ns
    Discrete Jitter          (DJ):    0.000ns
    Phase Error              (PE):    0.000ns

    Location             Delay type                Incr(ns)  Path(ns)    Netlist Resource(s)
  -------------------------------------------------------------------    -------------------
                         (clock sys_clk_pin rise edge)
                                                      0.000     0.000 r  
    W5                                                0.000     0.000 r  clk (IN)
                         net (fo=0)                   0.000     0.000    clk
    W5                   IBUF (Prop_ibuf_I_O)         1.458     1.458 r  clk_IBUF_inst/O
                         net (fo=1, routed)           1.967     3.425    clk_IBUF
    BUFGCTRL_X0Y0        BUFG (Prop_bufg_I_O)         0.096     3.521 r  clk_IBUF_BUFG_inst/O
                         net (fo=17, routed)          1.625     5.146    mmcm/clk_IBUF_BUFG
    SLICE_X65Y20         FDRE                                         r  mmcm/count_100K_reg[3]/C
  -------------------------------------------------------------------    -------------------
    SLICE_X65Y20         FDRE (Prop_fdre_C_Q)         0.456     5.602 r  mmcm/count_100K_reg[3]/Q
                         net (fo=2, routed)           0.862     6.464    mmcm/count_100K[3]
    SLICE_X64Y20         LUT4 (Prop_lut4_I2_O)        0.146     6.610 r  mmcm/count_100K[16]_i_3/O
                         net (fo=1, routed)           0.663     7.273    mmcm/count_100K[16]_i_3_n_0
    SLICE_X64Y21         LUT6 (Prop_lut6_I3_O)        0.328     7.601 r  mmcm/count_100K[16]_i_1/O
                         net (fo=16, routed)          0.811     8.412    mmcm/count_100K[16]_i_1_n_0
    SLICE_X65Y21         FDRE                                         r  mmcm/count_100K_reg[5]/R
  -------------------------------------------------------------------    -------------------

                         (clock sys_clk_pin rise edge)
                                                     10.000    10.000 r  
    W5                                                0.000    10.000 r  clk (IN)
                         net (fo=0)                   0.000    10.000    clk
    W5                   IBUF (Prop_ibuf_I_O)         1.388    11.388 r  clk_IBUF_inst/O
                         net (fo=1, routed)           1.862    13.250    clk_IBUF
    BUFGCTRL_X0Y0        BUFG (Prop_bufg_I_O)         0.091    13.341 r  clk_IBUF_BUFG_inst/O
                         net (fo=17, routed)          1.507    14.848    mmcm/clk_IBUF_BUFG
    SLICE_X65Y21         FDRE                                         r  mmcm/count_100K_reg[5]/C
                         clock pessimism              0.274    15.122    
                         clock uncertainty           -0.035    15.087    
    SLICE_X65Y21         FDRE (Setup_fdre_C_R)       -0.429    14.658    mmcm/count_100K_reg[5]
  -------------------------------------------------------------------
                         required time                         14.658    
                         arrival time                          -8.412    
  -------------------------------------------------------------------
                         slack                                  6.246    

Slack (MET) :             6.246ns  (required time - arrival time)
  Source:                 mmcm/count_100K_reg[3]/C
                            (rising edge-triggered cell FDRE clocked by sys_clk_pin  {rise@0.000ns fall@5.000ns period=10.000ns})
  Destination:            mmcm/count_100K_reg[6]/R
                            (rising edge-triggered cell FDRE clocked by sys_clk_pin  {rise@0.000ns fall@5.000ns period=10.000ns})
  Path Group:             sys_clk_pin
  Path Type:              Setup (Max at Slow Process Corner)
  Requirement:            10.000ns  (sys_clk_pin rise@10.000ns - sys_clk_pin rise@0.000ns)
  Data Path Delay:        3.266ns  (logic 0.930ns (28.476%)  route 2.336ns (71.524%))
  Logic Levels:           2  (LUT4=1 LUT6=1)
  Clock Path Skew:        -0.024ns (DCD - SCD + CPR)
    Destination Clock Delay (DCD):    4.848ns = ( 14.848 - 10.000 ) 
    Source Clock Delay      (SCD):    5.146ns
    Clock Pessimism Removal (CPR):    0.274ns
  Clock Uncertainty:      0.035ns  ((TSJ^2 + TIJ^2)^1/2 + DJ) / 2 + PE
    Total System Jitter     (TSJ):    0.071ns
    Total Input Jitter      (TIJ):    0.000ns
    Discrete Jitter          (DJ):    0.000ns
    Phase Error              (PE):    0.000ns

    Location             Delay type                Incr(ns)  Path(ns)    Netlist Resource(s)
  -------------------------------------------------------------------    -------------------
                         (clock sys_clk_pin rise edge)
                                                      0.000     0.000 r  
    W5                                                0.000     0.000 r  clk (IN)
                         net (fo=0)                   0.000     0.000    clk
    W5                   IBUF (Prop_ibuf_I_O)         1.458     1.458 r  clk_IBUF_inst/O
                         net (fo=1, routed)           1.967     3.425    clk_IBUF
    BUFGCTRL_X0Y0        BUFG (Prop_bufg_I_O)         0.096     3.521 r  clk_IBUF_BUFG_inst/O
                         net (fo=17, routed)          1.625     5.146    mmcm/clk_IBUF_BUFG
    SLICE_X65Y20         FDRE                                         r  mmcm/count_100K_reg[3]/C
  -------------------------------------------------------------------    -------------------
    SLICE_X65Y20         FDRE (Prop_fdre_C_Q)         0.456     5.602 r  mmcm/count_100K_reg[3]/Q
                         net (fo=2, routed)           0.862     6.464    mmcm/count_100K[3]
    SLICE_X64Y20         LUT4 (Prop_lut4_I2_O)        0.146     6.610 r  mmcm/count_100K[16]_i_3/O
                         net (fo=1, routed)           0.663     7.273    mmcm/count_100K[16]_i_3_n_0
    SLICE_X64Y21         LUT6 (Prop_lut6_I3_O)        0.328     7.601 r  mmcm/count_100K[16]_i_1/O
                         net (fo=16, routed)          0.811     8.412    mmcm/count_100K[16]_i_1_n_0
    SLICE_X65Y21         FDRE                                         r  mmcm/count_100K_reg[6]/R
  -------------------------------------------------------------------    -------------------

                         (clock sys_clk_pin rise edge)
                                                     10.000    10.000 r  
    W5                                                0.000    10.000 r  clk (IN)
                         net (fo=0)                   0.000    10.000    clk
    W5                   IBUF (Prop_ibuf_I_O)         1.388    11.388 r  clk_IBUF_inst/O
                         net (fo=1, routed)           1.862    13.250    clk_IBUF
    BUFGCTRL_X0Y0        BUFG (Prop_bufg_I_O)         0.091    13.341 r  clk_IBUF_BUFG_inst/O
                         net (fo=17, routed)          1.507    14.848    mmcm/clk_IBUF_BUFG
    SLICE_X65Y21         FDRE                                         r  mmcm/count_100K_reg[6]/C
                         clock pessimism              0.274    15.122    
                         clock uncertainty           -0.035    15.087    
    SLICE_X65Y21         FDRE (Setup_fdre_C_R)       -0.429    14.658    mmcm/count_100K_reg[6]
  -------------------------------------------------------------------
                         required time                         14.658    
                         arrival time                          -8.412    
  -------------------------------------------------------------------
                         slack                                  6.246    





Min Delay Paths
--------------------------------------------------------------------------------------
Slack (MET) :             0.264ns  (arrival time - required time)
  Source:                 mmcm/count_100K_reg[0]/C
                            (rising edge-triggered cell FDRE clocked by sys_clk_pin  {rise@0.000ns fall@5.000ns period=10.000ns})
  Destination:            mmcm/count_100K_reg[0]/D
                            (rising edge-triggered cell FDRE clocked by sys_clk_pin  {rise@0.000ns fall@5.000ns period=10.000ns})
  Path Group:             sys_clk_pin
  Path Type:              Hold (Min at Fast Process Corner)
  Requirement:            0.000ns  (sys_clk_pin rise@0.000ns - sys_clk_pin rise@0.000ns)
  Data Path Delay:        0.384ns  (logic 0.209ns (54.384%)  route 0.175ns (45.616%))
  Logic Levels:           1  (LUT1=1)
  Clock Path Skew:        0.000ns (DCD - SCD - CPR)
    Destination Clock Delay (DCD):    1.982ns
    Source Clock Delay      (SCD):    1.469ns
    Clock Pessimism Removal (CPR):    0.513ns

    Location             Delay type                Incr(ns)  Path(ns)    Netlist Resource(s)
  -------------------------------------------------------------------    -------------------
                         (clock sys_clk_pin rise edge)
                                                      0.000     0.000 r  
    W5                                                0.000     0.000 r  clk (IN)
                         net (fo=0)                   0.000     0.000    clk
    W5                   IBUF (Prop_ibuf_I_O)         0.226     0.226 r  clk_IBUF_inst/O
                         net (fo=1, routed)           0.631     0.858    clk_IBUF
    BUFGCTRL_X0Y0        BUFG (Prop_bufg_I_O)         0.026     0.884 r  clk_IBUF_BUFG_inst/O
                         net (fo=17, routed)          0.586     1.469    mmcm/clk_IBUF_BUFG
    SLICE_X64Y20         FDRE                                         r  mmcm/count_100K_reg[0]/C
  -------------------------------------------------------------------    -------------------
    SLICE_X64Y20         FDRE (Prop_fdre_C_Q)         0.164     1.633 f  mmcm/count_100K_reg[0]/Q
                         net (fo=3, routed)           0.175     1.808    mmcm/count_100K[0]
    SLICE_X64Y20         LUT1 (Prop_lut1_I0_O)        0.045     1.853 r  mmcm/count_100K[0]_i_1/O
                         net (fo=1, routed)           0.000     1.853    mmcm/count_100K_0[0]
    SLICE_X64Y20         FDRE                                         r  mmcm/count_100K_reg[0]/D
  -------------------------------------------------------------------    -------------------

                         (clock sys_clk_pin rise edge)
                                                      0.000     0.000 r  
    W5                                                0.000     0.000 r  clk (IN)
                         net (fo=0)                   0.000     0.000    clk
    W5                   IBUF (Prop_ibuf_I_O)         0.414     0.414 r  clk_IBUF_inst/O
                         net (fo=1, routed)           0.685     1.099    clk_IBUF
    BUFGCTRL_X0Y0        BUFG (Prop_bufg_I_O)         0.029     1.128 r  clk_IBUF_BUFG_inst/O
                         net (fo=17, routed)          0.855     1.982    mmcm/clk_IBUF_BUFG
    SLICE_X64Y20         FDRE                                         r  mmcm/count_100K_reg[0]/C
                         clock pessimism             -0.513     1.469    
    SLICE_X64Y20         FDRE (Hold_fdre_C_D)         0.120     1.589    mmcm/count_100K_reg[0]
  -------------------------------------------------------------------
                         required time                         -1.589    
                         arrival time                           1.853    
  -------------------------------------------------------------------
                         slack                                  0.264    

Slack (MET) :             0.264ns  (arrival time - required time)
  Source:                 mmcm/count_100K_reg[16]/C
                            (rising edge-triggered cell FDRE clocked by sys_clk_pin  {rise@0.000ns fall@5.000ns period=10.000ns})
  Destination:            mmcm/count_100K_reg[16]/D
                            (rising edge-triggered cell FDRE clocked by sys_clk_pin  {rise@0.000ns fall@5.000ns period=10.000ns})
  Path Group:             sys_clk_pin
  Path Type:              Hold (Min at Fast Process Corner)
  Requirement:            0.000ns  (sys_clk_pin rise@0.000ns - sys_clk_pin rise@0.000ns)
  Data Path Delay:        0.369ns  (logic 0.249ns (67.424%)  route 0.120ns (32.576%))
  Logic Levels:           1  (CARRY4=1)
  Clock Path Skew:        0.000ns (DCD - SCD - CPR)
    Destination Clock Delay (DCD):    1.978ns
    Source Clock Delay      (SCD):    1.466ns
    Clock Pessimism Removal (CPR):    0.512ns

    Location             Delay type                Incr(ns)  Path(ns)    Netlist Resource(s)
  -------------------------------------------------------------------    -------------------
                         (clock sys_clk_pin rise edge)
                                                      0.000     0.000 r  
    W5                                                0.000     0.000 r  clk (IN)
                         net (fo=0)                   0.000     0.000    clk
    W5                   IBUF (Prop_ibuf_I_O)         0.226     0.226 r  clk_IBUF_inst/O
                         net (fo=1, routed)           0.631     0.858    clk_IBUF
    BUFGCTRL_X0Y0        BUFG (Prop_bufg_I_O)         0.026     0.884 r  clk_IBUF_BUFG_inst/O
                         net (fo=17, routed)          0.583     1.466    mmcm/clk_IBUF_BUFG
    SLICE_X65Y23         FDRE                                         r  mmcm/count_100K_reg[16]/C
  -------------------------------------------------------------------    -------------------
    SLICE_X65Y23         FDRE (Prop_fdre_C_Q)         0.141     1.607 r  mmcm/count_100K_reg[16]/Q
                         net (fo=4, routed)           0.120     1.727    mmcm/count_100K[16]
    SLICE_X65Y23         CARRY4 (Prop_carry4_S[3]_O[3])
                                                      0.108     1.835 r  mmcm/count_100K_reg[16]_i_2/O[3]
                         net (fo=1, routed)           0.000     1.835    mmcm/data0[16]
    SLICE_X65Y23         FDRE                                         r  mmcm/count_100K_reg[16]/D
  -------------------------------------------------------------------    -------------------

                         (clock sys_clk_pin rise edge)
                                                      0.000     0.000 r  
    W5                                                0.000     0.000 r  clk (IN)
                         net (fo=0)                   0.000     0.000    clk
    W5                   IBUF (Prop_ibuf_I_O)         0.414     0.414 r  clk_IBUF_inst/O
                         net (fo=1, routed)           0.685     1.099    clk_IBUF
    BUFGCTRL_X0Y0        BUFG (Prop_bufg_I_O)         0.029     1.128 r  clk_IBUF_BUFG_inst/O
                         net (fo=17, routed)          0.851     1.978    mmcm/clk_IBUF_BUFG
    SLICE_X65Y23         FDRE                                         r  mmcm/count_100K_reg[16]/C
                         clock pessimism             -0.512     1.466    
    SLICE_X65Y23         FDRE (Hold_fdre_C_D)         0.105     1.571    mmcm/count_100K_reg[16]
  -------------------------------------------------------------------
                         required time                         -1.571    
                         arrival time                           1.835    
  -------------------------------------------------------------------
                         slack                                  0.264    

Slack (MET) :             0.264ns  (arrival time - required time)
  Source:                 mmcm/count_100K_reg[8]/C
                            (rising edge-triggered cell FDRE clocked by sys_clk_pin  {rise@0.000ns fall@5.000ns period=10.000ns})
  Destination:            mmcm/count_100K_reg[8]/D
                            (rising edge-triggered cell FDRE clocked by sys_clk_pin  {rise@0.000ns fall@5.000ns period=10.000ns})
  Path Group:             sys_clk_pin
  Path Type:              Hold (Min at Fast Process Corner)
  Requirement:            0.000ns  (sys_clk_pin rise@0.000ns - sys_clk_pin rise@0.000ns)
  Data Path Delay:        0.369ns  (logic 0.249ns (67.424%)  route 0.120ns (32.576%))
  Logic Levels:           1  (CARRY4=1)
  Clock Path Skew:        0.000ns (DCD - SCD - CPR)
    Destination Clock Delay (DCD):    1.981ns
    Source Clock Delay      (SCD):    1.468ns
    Clock Pessimism Removal (CPR):    0.513ns

    Location             Delay type                Incr(ns)  Path(ns)    Netlist Resource(s)
  -------------------------------------------------------------------    -------------------
                         (clock sys_clk_pin rise edge)
                                                      0.000     0.000 r  
    W5                                                0.000     0.000 r  clk (IN)
                         net (fo=0)                   0.000     0.000    clk
    W5                   IBUF (Prop_ibuf_I_O)         0.226     0.226 r  clk_IBUF_inst/O
                         net (fo=1, routed)           0.631     0.858    clk_IBUF
    BUFGCTRL_X0Y0        BUFG (Prop_bufg_I_O)         0.026     0.884 r  clk_IBUF_BUFG_inst/O
                         net (fo=17, routed)          0.585     1.468    mmcm/clk_IBUF_BUFG
    SLICE_X65Y21         FDRE                                         r  mmcm/count_100K_reg[8]/C
  -------------------------------------------------------------------    -------------------
    SLICE_X65Y21         FDRE (Prop_fdre_C_Q)         0.141     1.609 r  mmcm/count_100K_reg[8]/Q
                         net (fo=3, routed)           0.120     1.729    mmcm/count_100K[8]
    SLICE_X65Y21         CARRY4 (Prop_carry4_S[3]_O[3])
                                                      0.108     1.837 r  mmcm/count_100K_reg[8]_i_1/O[3]
                         net (fo=1, routed)           0.000     1.837    mmcm/data0[8]
    SLICE_X65Y21         FDRE                                         r  mmcm/count_100K_reg[8]/D
  -------------------------------------------------------------------    -------------------

                         (clock sys_clk_pin rise edge)
                                                      0.000     0.000 r  
    W5                                                0.000     0.000 r  clk (IN)
                         net (fo=0)                   0.000     0.000    clk
    W5                   IBUF (Prop_ibuf_I_O)         0.414     0.414 r  clk_IBUF_inst/O
                         net (fo=1, routed)           0.685     1.099    clk_IBUF
    BUFGCTRL_X0Y0        BUFG (Prop_bufg_I_O)         0.029     1.128 r  clk_IBUF_BUFG_inst/O
                         net (fo=17, routed)          0.854     1.981    mmcm/clk_IBUF_BUFG
    SLICE_X65Y21         FDRE                                         r  mmcm/count_100K_reg[8]/C
                         clock pessimism             -0.513     1.468    
    SLICE_X65Y21         FDRE (Hold_fdre_C_D)         0.105     1.573    mmcm/count_100K_reg[8]
  -------------------------------------------------------------------
                         required time                         -1.573    
                         arrival time                           1.837    
  -------------------------------------------------------------------
                         slack                                  0.264    

Slack (MET) :             0.264ns  (arrival time - required time)
  Source:                 mmcm/count_100K_reg[4]/C
                            (rising edge-triggered cell FDRE clocked by sys_clk_pin  {rise@0.000ns fall@5.000ns period=10.000ns})
  Destination:            mmcm/count_100K_reg[4]/D
                            (rising edge-triggered cell FDRE clocked by sys_clk_pin  {rise@0.000ns fall@5.000ns period=10.000ns})
  Path Group:             sys_clk_pin
  Path Type:              Hold (Min at Fast Process Corner)
  Requirement:            0.000ns  (sys_clk_pin rise@0.000ns - sys_clk_pin rise@0.000ns)
  Data Path Delay:        0.369ns  (logic 0.249ns (67.424%)  route 0.120ns (32.576%))
  Logic Levels:           1  (CARRY4=1)
  Clock Path Skew:        0.000ns (DCD - SCD - CPR)
    Destination Clock Delay (DCD):    1.982ns
    Source Clock Delay      (SCD):    1.469ns
    Clock Pessimism Removal (CPR):    0.513ns

    Location             Delay type                Incr(ns)  Path(ns)    Netlist Resource(s)
  -------------------------------------------------------------------    -------------------
                         (clock sys_clk_pin rise edge)
                                                      0.000     0.000 r  
    W5                                                0.000     0.000 r  clk (IN)
                         net (fo=0)                   0.000     0.000    clk
    W5                   IBUF (Prop_ibuf_I_O)         0.226     0.226 r  clk_IBUF_inst/O
                         net (fo=1, routed)           0.631     0.858    clk_IBUF
    BUFGCTRL_X0Y0        BUFG (Prop_bufg_I_O)         0.026     0.884 r  clk_IBUF_BUFG_inst/O
                         net (fo=17, routed)          0.586     1.469    mmcm/clk_IBUF_BUFG
    SLICE_X65Y20         FDRE                                         r  mmcm/count_100K_reg[4]/C
  -------------------------------------------------------------------    -------------------
    SLICE_X65Y20         FDRE (Prop_fdre_C_Q)         0.141     1.610 r  mmcm/count_100K_reg[4]/Q
                         net (fo=3, routed)           0.120     1.730    mmcm/count_100K[4]
    SLICE_X65Y20         CARRY4 (Prop_carry4_S[3]_O[3])
                                                      0.108     1.838 r  mmcm/count_100K_reg[4]_i_1/O[3]
                         net (fo=1, routed)           0.000     1.838    mmcm/data0[4]
    SLICE_X65Y20         FDRE                                         r  mmcm/count_100K_reg[4]/D
  -------------------------------------------------------------------    -------------------

                         (clock sys_clk_pin rise edge)
                                                      0.000     0.000 r  
    W5                                                0.000     0.000 r  clk (IN)
                         net (fo=0)                   0.000     0.000    clk
    W5                   IBUF (Prop_ibuf_I_O)         0.414     0.414 r  clk_IBUF_inst/O
                         net (fo=1, routed)           0.685     1.099    clk_IBUF
    BUFGCTRL_X0Y0        BUFG (Prop_bufg_I_O)         0.029     1.128 r  clk_IBUF_BUFG_inst/O
                         net (fo=17, routed)          0.855     1.982    mmcm/clk_IBUF_BUFG
    SLICE_X65Y20         FDRE                                         r  mmcm/count_100K_reg[4]/C
                         clock pessimism             -0.513     1.469    
    SLICE_X65Y20         FDRE (Hold_fdre_C_D)         0.105     1.574    mmcm/count_100K_reg[4]
  -------------------------------------------------------------------
                         required time                         -1.574    
                         arrival time                           1.838    
  -------------------------------------------------------------------
                         slack                                  0.264    

Slack (MET) :             0.267ns  (arrival time - required time)
  Source:                 mmcm/count_100K_reg[5]/C
                            (rising edge-triggered cell FDRE clocked by sys_clk_pin  {rise@0.000ns fall@5.000ns period=10.000ns})
  Destination:            mmcm/count_100K_reg[5]/D
                            (rising edge-triggered cell FDRE clocked by sys_clk_pin  {rise@0.000ns fall@5.000ns period=10.000ns})
  Path Group:             sys_clk_pin
  Path Type:              Hold (Min at Fast Process Corner)
  Requirement:            0.000ns  (sys_clk_pin rise@0.000ns - sys_clk_pin rise@0.000ns)
  Data Path Delay:        0.372ns  (logic 0.256ns (68.766%)  route 0.116ns (31.234%))
  Logic Levels:           1  (CARRY4=1)
  Clock Path Skew:        0.000ns (DCD - SCD - CPR)
    Destination Clock Delay (DCD):    1.981ns
    Source Clock Delay      (SCD):    1.468ns
    Clock Pessimism Removal (CPR):    0.513ns

    Location             Delay type                Incr(ns)  Path(ns)    Netlist Resource(s)
  -------------------------------------------------------------------    -------------------
                         (clock sys_clk_pin rise edge)
                                                      0.000     0.000 r  
    W5                                                0.000     0.000 r  clk (IN)
                         net (fo=0)                   0.000     0.000    clk
    W5                   IBUF (Prop_ibuf_I_O)         0.226     0.226 r  clk_IBUF_inst/O
                         net (fo=1, routed)           0.631     0.858    clk_IBUF
    BUFGCTRL_X0Y0        BUFG (Prop_bufg_I_O)         0.026     0.884 r  clk_IBUF_BUFG_inst/O
                         net (fo=17, routed)          0.585     1.468    mmcm/clk_IBUF_BUFG
    SLICE_X65Y21         FDRE                                         r  mmcm/count_100K_reg[5]/C
  -------------------------------------------------------------------    -------------------
    SLICE_X65Y21         FDRE (Prop_fdre_C_Q)         0.141     1.609 r  mmcm/count_100K_reg[5]/Q
                         net (fo=3, routed)           0.116     1.725    mmcm/count_100K[5]
    SLICE_X65Y21         CARRY4 (Prop_carry4_S[0]_O[0])
                                                      0.115     1.840 r  mmcm/count_100K_reg[8]_i_1/O[0]
                         net (fo=1, routed)           0.000     1.840    mmcm/data0[5]
    SLICE_X65Y21         FDRE                                         r  mmcm/count_100K_reg[5]/D
  -------------------------------------------------------------------    -------------------

                         (clock sys_clk_pin rise edge)
                                                      0.000     0.000 r  
    W5                                                0.000     0.000 r  clk (IN)
                         net (fo=0)                   0.000     0.000    clk
    W5                   IBUF (Prop_ibuf_I_O)         0.414     0.414 r  clk_IBUF_inst/O
                         net (fo=1, routed)           0.685     1.099    clk_IBUF
    BUFGCTRL_X0Y0        BUFG (Prop_bufg_I_O)         0.029     1.128 r  clk_IBUF_BUFG_inst/O
                         net (fo=17, routed)          0.854     1.981    mmcm/clk_IBUF_BUFG
    SLICE_X65Y21         FDRE                                         r  mmcm/count_100K_reg[5]/C
                         clock pessimism             -0.513     1.468    
    SLICE_X65Y21         FDRE (Hold_fdre_C_D)         0.105     1.573    mmcm/count_100K_reg[5]
  -------------------------------------------------------------------
                         required time                         -1.573    
                         arrival time                           1.840    
  -------------------------------------------------------------------
                         slack                                  0.267    

Slack (MET) :             0.268ns  (arrival time - required time)
  Source:                 mmcm/count_100K_reg[3]/C
                            (rising edge-triggered cell FDRE clocked by sys_clk_pin  {rise@0.000ns fall@5.000ns period=10.000ns})
  Destination:            mmcm/count_100K_reg[3]/D
                            (rising edge-triggered cell FDRE clocked by sys_clk_pin  {rise@0.000ns fall@5.000ns period=10.000ns})
  Path Group:             sys_clk_pin
  Path Type:              Hold (Min at Fast Process Corner)
  Requirement:            0.000ns  (sys_clk_pin rise@0.000ns - sys_clk_pin rise@0.000ns)
  Data Path Delay:        0.373ns  (logic 0.252ns (67.585%)  route 0.121ns (32.415%))
  Logic Levels:           1  (CARRY4=1)
  Clock Path Skew:        0.000ns (DCD - SCD - CPR)
    Destination Clock Delay (DCD):    1.982ns
    Source Clock Delay      (SCD):    1.469ns
    Clock Pessimism Removal (CPR):    0.513ns

    Location             Delay type                Incr(ns)  Path(ns)    Netlist Resource(s)
  -------------------------------------------------------------------    -------------------
                         (clock sys_clk_pin rise edge)
                                                      0.000     0.000 r  
    W5                                                0.000     0.000 r  clk (IN)
                         net (fo=0)                   0.000     0.000    clk
    W5                   IBUF (Prop_ibuf_I_O)         0.226     0.226 r  clk_IBUF_inst/O
                         net (fo=1, routed)           0.631     0.858    clk_IBUF
    BUFGCTRL_X0Y0        BUFG (Prop_bufg_I_O)         0.026     0.884 r  clk_IBUF_BUFG_inst/O
                         net (fo=17, routed)          0.586     1.469    mmcm/clk_IBUF_BUFG
    SLICE_X65Y20         FDRE                                         r  mmcm/count_100K_reg[3]/C
  -------------------------------------------------------------------    -------------------
    SLICE_X65Y20         FDRE (Prop_fdre_C_Q)         0.141     1.610 r  mmcm/count_100K_reg[3]/Q
                         net (fo=2, routed)           0.121     1.731    mmcm/count_100K[3]
    SLICE_X65Y20         CARRY4 (Prop_carry4_S[2]_O[2])
                                                      0.111     1.842 r  mmcm/count_100K_reg[4]_i_1/O[2]
                         net (fo=1, routed)           0.000     1.842    mmcm/data0[3]
    SLICE_X65Y20         FDRE                                         r  mmcm/count_100K_reg[3]/D
  -------------------------------------------------------------------    -------------------

                         (clock sys_clk_pin rise edge)
                                                      0.000     0.000 r  
    W5                                                0.000     0.000 r  clk (IN)
                         net (fo=0)                   0.000     0.000    clk
    W5                   IBUF (Prop_ibuf_I_O)         0.414     0.414 r  clk_IBUF_inst/O
                         net (fo=1, routed)           0.685     1.099    clk_IBUF
    BUFGCTRL_X0Y0        BUFG (Prop_bufg_I_O)         0.029     1.128 r  clk_IBUF_BUFG_inst/O
                         net (fo=17, routed)          0.855     1.982    mmcm/clk_IBUF_BUFG
    SLICE_X65Y20         FDRE                                         r  mmcm/count_100K_reg[3]/C
                         clock pessimism             -0.513     1.469    
    SLICE_X65Y20         FDRE (Hold_fdre_C_D)         0.105     1.574    mmcm/count_100K_reg[3]
  -------------------------------------------------------------------
                         required time                         -1.574    
                         arrival time                           1.842    
  -------------------------------------------------------------------
                         slack                                  0.268    

Slack (MET) :             0.269ns  (arrival time - required time)
  Source:                 mmcm/count_100K_reg[15]/C
                            (rising edge-triggered cell FDRE clocked by sys_clk_pin  {rise@0.000ns fall@5.000ns period=10.000ns})
  Destination:            mmcm/count_100K_reg[15]/D
                            (rising edge-triggered cell FDRE clocked by sys_clk_pin  {rise@0.000ns fall@5.000ns period=10.000ns})
  Path Group:             sys_clk_pin
  Path Type:              Hold (Min at Fast Process Corner)
  Requirement:            0.000ns  (sys_clk_pin rise@0.000ns - sys_clk_pin rise@0.000ns)
  Data Path Delay:        0.374ns  (logic 0.252ns (67.467%)  route 0.122ns (32.533%))
  Logic Levels:           1  (CARRY4=1)
  Clock Path Skew:        0.000ns (DCD - SCD - CPR)
    Destination Clock Delay (DCD):    1.978ns
    Source Clock Delay      (SCD):    1.466ns
    Clock Pessimism Removal (CPR):    0.512ns

    Location             Delay type                Incr(ns)  Path(ns)    Netlist Resource(s)
  -------------------------------------------------------------------    -------------------
                         (clock sys_clk_pin rise edge)
                                                      0.000     0.000 r  
    W5                                                0.000     0.000 r  clk (IN)
                         net (fo=0)                   0.000     0.000    clk
    W5                   IBUF (Prop_ibuf_I_O)         0.226     0.226 r  clk_IBUF_inst/O
                         net (fo=1, routed)           0.631     0.858    clk_IBUF
    BUFGCTRL_X0Y0        BUFG (Prop_bufg_I_O)         0.026     0.884 r  clk_IBUF_BUFG_inst/O
                         net (fo=17, routed)          0.583     1.466    mmcm/clk_IBUF_BUFG
    SLICE_X65Y23         FDRE                                         r  mmcm/count_100K_reg[15]/C
  -------------------------------------------------------------------    -------------------
    SLICE_X65Y23         FDRE (Prop_fdre_C_Q)         0.141     1.607 r  mmcm/count_100K_reg[15]/Q
                         net (fo=3, routed)           0.122     1.729    mmcm/count_100K[15]
    SLICE_X65Y23         CARRY4 (Prop_carry4_S[2]_O[2])
                                                      0.111     1.840 r  mmcm/count_100K_reg[16]_i_2/O[2]
                         net (fo=1, routed)           0.000     1.840    mmcm/data0[15]
    SLICE_X65Y23         FDRE                                         r  mmcm/count_100K_reg[15]/D
  -------------------------------------------------------------------    -------------------

                         (clock sys_clk_pin rise edge)
                                                      0.000     0.000 r  
    W5                                                0.000     0.000 r  clk (IN)
                         net (fo=0)                   0.000     0.000    clk
    W5                   IBUF (Prop_ibuf_I_O)         0.414     0.414 r  clk_IBUF_inst/O
                         net (fo=1, routed)           0.685     1.099    clk_IBUF
    BUFGCTRL_X0Y0        BUFG (Prop_bufg_I_O)         0.029     1.128 r  clk_IBUF_BUFG_inst/O
                         net (fo=17, routed)          0.851     1.978    mmcm/clk_IBUF_BUFG
    SLICE_X65Y23         FDRE                                         r  mmcm/count_100K_reg[15]/C
                         clock pessimism             -0.512     1.466    
    SLICE_X65Y23         FDRE (Hold_fdre_C_D)         0.105     1.571    mmcm/count_100K_reg[15]
  -------------------------------------------------------------------
                         required time                         -1.571    
                         arrival time                           1.840    
  -------------------------------------------------------------------
                         slack                                  0.269    

Slack (MET) :             0.273ns  (arrival time - required time)
  Source:                 mmcm/count_100K_reg[12]/C
                            (rising edge-triggered cell FDRE clocked by sys_clk_pin  {rise@0.000ns fall@5.000ns period=10.000ns})
  Destination:            mmcm/count_100K_reg[12]/D
                            (rising edge-triggered cell FDRE clocked by sys_clk_pin  {rise@0.000ns fall@5.000ns period=10.000ns})
  Path Group:             sys_clk_pin
  Path Type:              Hold (Min at Fast Process Corner)
  Requirement:            0.000ns  (sys_clk_pin rise@0.000ns - sys_clk_pin rise@0.000ns)
  Data Path Delay:        0.378ns  (logic 0.249ns (65.837%)  route 0.129ns (34.163%))
  Logic Levels:           1  (CARRY4=1)
  Clock Path Skew:        0.000ns (DCD - SCD - CPR)
    Destination Clock Delay (DCD):    1.980ns
    Source Clock Delay      (SCD):    1.468ns
    Clock Pessimism Removal (CPR):    0.512ns

    Location             Delay type                Incr(ns)  Path(ns)    Netlist Resource(s)
  -------------------------------------------------------------------    -------------------
                         (clock sys_clk_pin rise edge)
                                                      0.000     0.000 r  
    W5                                                0.000     0.000 r  clk (IN)
                         net (fo=0)                   0.000     0.000    clk
    W5                   IBUF (Prop_ibuf_I_O)         0.226     0.226 r  clk_IBUF_inst/O
                         net (fo=1, routed)           0.631     0.858    clk_IBUF
    BUFGCTRL_X0Y0        BUFG (Prop_bufg_I_O)         0.026     0.884 r  clk_IBUF_BUFG_inst/O
                         net (fo=17, routed)          0.585     1.468    mmcm/clk_IBUF_BUFG
    SLICE_X65Y22         FDRE                                         r  mmcm/count_100K_reg[12]/C
  -------------------------------------------------------------------    -------------------
    SLICE_X65Y22         FDRE (Prop_fdre_C_Q)         0.141     1.609 r  mmcm/count_100K_reg[12]/Q
                         net (fo=3, routed)           0.129     1.738    mmcm/count_100K[12]
    SLICE_X65Y22         CARRY4 (Prop_carry4_S[3]_O[3])
                                                      0.108     1.846 r  mmcm/count_100K_reg[12]_i_1/O[3]
                         net (fo=1, routed)           0.000     1.846    mmcm/data0[12]
    SLICE_X65Y22         FDRE                                         r  mmcm/count_100K_reg[12]/D
  -------------------------------------------------------------------    -------------------

                         (clock sys_clk_pin rise edge)
                                                      0.000     0.000 r  
    W5                                                0.000     0.000 r  clk (IN)
                         net (fo=0)                   0.000     0.000    clk
    W5                   IBUF (Prop_ibuf_I_O)         0.414     0.414 r  clk_IBUF_inst/O
                         net (fo=1, routed)           0.685     1.099    clk_IBUF
    BUFGCTRL_X0Y0        BUFG (Prop_bufg_I_O)         0.029     1.128 r  clk_IBUF_BUFG_inst/O
                         net (fo=17, routed)          0.853     1.980    mmcm/clk_IBUF_BUFG
    SLICE_X65Y22         FDRE                                         r  mmcm/count_100K_reg[12]/C
                         clock pessimism             -0.512     1.468    
    SLICE_X65Y22         FDRE (Hold_fdre_C_D)         0.105     1.573    mmcm/count_100K_reg[12]
  -------------------------------------------------------------------
                         required time                         -1.573    
                         arrival time                           1.846    
  -------------------------------------------------------------------
                         slack                                  0.273    

Slack (MET) :             0.278ns  (arrival time - required time)
  Source:                 mmcm/count_100K_reg[9]/C
                            (rising edge-triggered cell FDRE clocked by sys_clk_pin  {rise@0.000ns fall@5.000ns period=10.000ns})
  Destination:            mmcm/count_100K_reg[9]/D
                            (rising edge-triggered cell FDRE clocked by sys_clk_pin  {rise@0.000ns fall@5.000ns period=10.000ns})
  Path Group:             sys_clk_pin
  Path Type:              Hold (Min at Fast Process Corner)
  Requirement:            0.000ns  (sys_clk_pin rise@0.000ns - sys_clk_pin rise@0.000ns)
  Data Path Delay:        0.383ns  (logic 0.256ns (66.774%)  route 0.127ns (33.226%))
  Logic Levels:           1  (CARRY4=1)
  Clock Path Skew:        0.000ns (DCD - SCD - CPR)
    Destination Clock Delay (DCD):    1.980ns
    Source Clock Delay      (SCD):    1.468ns
    Clock Pessimism Removal (CPR):    0.512ns

    Location             Delay type                Incr(ns)  Path(ns)    Netlist Resource(s)
  -------------------------------------------------------------------    -------------------
                         (clock sys_clk_pin rise edge)
                                                      0.000     0.000 r  
    W5                                                0.000     0.000 r  clk (IN)
                         net (fo=0)                   0.000     0.000    clk
    W5                   IBUF (Prop_ibuf_I_O)         0.226     0.226 r  clk_IBUF_inst/O
                         net (fo=1, routed)           0.631     0.858    clk_IBUF
    BUFGCTRL_X0Y0        BUFG (Prop_bufg_I_O)         0.026     0.884 r  clk_IBUF_BUFG_inst/O
                         net (fo=17, routed)          0.585     1.468    mmcm/clk_IBUF_BUFG
    SLICE_X65Y22         FDRE                                         r  mmcm/count_100K_reg[9]/C
  -------------------------------------------------------------------    -------------------
    SLICE_X65Y22         FDRE (Prop_fdre_C_Q)         0.141     1.609 r  mmcm/count_100K_reg[9]/Q
                         net (fo=3, routed)           0.127     1.737    mmcm/count_100K[9]
    SLICE_X65Y22         CARRY4 (Prop_carry4_S[0]_O[0])
                                                      0.115     1.852 r  mmcm/count_100K_reg[12]_i_1/O[0]
                         net (fo=1, routed)           0.000     1.852    mmcm/data0[9]
    SLICE_X65Y22         FDRE                                         r  mmcm/count_100K_reg[9]/D
  -------------------------------------------------------------------    -------------------

                         (clock sys_clk_pin rise edge)
                                                      0.000     0.000 r  
    W5                                                0.000     0.000 r  clk (IN)
                         net (fo=0)                   0.000     0.000    clk
    W5                   IBUF (Prop_ibuf_I_O)         0.414     0.414 r  clk_IBUF_inst/O
                         net (fo=1, routed)           0.685     1.099    clk_IBUF
    BUFGCTRL_X0Y0        BUFG (Prop_bufg_I_O)         0.029     1.128 r  clk_IBUF_BUFG_inst/O
                         net (fo=17, routed)          0.853     1.980    mmcm/clk_IBUF_BUFG
    SLICE_X65Y22         FDRE                                         r  mmcm/count_100K_reg[9]/C
                         clock pessimism             -0.512     1.468    
    SLICE_X65Y22         FDRE (Hold_fdre_C_D)         0.105     1.573    mmcm/count_100K_reg[9]
  -------------------------------------------------------------------
                         required time                         -1.573    
                         arrival time                           1.852    
  -------------------------------------------------------------------
                         slack                                  0.278    

Slack (MET) :             0.280ns  (arrival time - required time)
  Source:                 mmcm/count_100K_reg[11]/C
                            (rising edge-triggered cell FDRE clocked by sys_clk_pin  {rise@0.000ns fall@5.000ns period=10.000ns})
  Destination:            mmcm/count_100K_reg[11]/D
                            (rising edge-triggered cell FDRE clocked by sys_clk_pin  {rise@0.000ns fall@5.000ns period=10.000ns})
  Path Group:             sys_clk_pin
  Path Type:              Hold (Min at Fast Process Corner)
  Requirement:            0.000ns  (sys_clk_pin rise@0.000ns - sys_clk_pin rise@0.000ns)
  Data Path Delay:        0.385ns  (logic 0.252ns (65.520%)  route 0.133ns (34.480%))
  Logic Levels:           1  (CARRY4=1)
  Clock Path Skew:        0.000ns (DCD - SCD - CPR)
    Destination Clock Delay (DCD):    1.980ns
    Source Clock Delay      (SCD):    1.468ns
    Clock Pessimism Removal (CPR):    0.512ns

    Location             Delay type                Incr(ns)  Path(ns)    Netlist Resource(s)
  -------------------------------------------------------------------    -------------------
                         (clock sys_clk_pin rise edge)
                                                      0.000     0.000 r  
    W5                                                0.000     0.000 r  clk (IN)
                         net (fo=0)                   0.000     0.000    clk
    W5                   IBUF (Prop_ibuf_I_O)         0.226     0.226 r  clk_IBUF_inst/O
                         net (fo=1, routed)           0.631     0.858    clk_IBUF
    BUFGCTRL_X0Y0        BUFG (Prop_bufg_I_O)         0.026     0.884 r  clk_IBUF_BUFG_inst/O
                         net (fo=17, routed)          0.585     1.468    mmcm/clk_IBUF_BUFG
    SLICE_X65Y22         FDRE                                         r  mmcm/count_100K_reg[11]/C
  -------------------------------------------------------------------    -------------------
    SLICE_X65Y22         FDRE (Prop_fdre_C_Q)         0.141     1.609 r  mmcm/count_100K_reg[11]/Q
                         net (fo=3, routed)           0.133     1.742    mmcm/count_100K[11]
    SLICE_X65Y22         CARRY4 (Prop_carry4_S[2]_O[2])
                                                      0.111     1.853 r  mmcm/count_100K_reg[12]_i_1/O[2]
                         net (fo=1, routed)           0.000     1.853    mmcm/data0[11]
    SLICE_X65Y22         FDRE                                         r  mmcm/count_100K_reg[11]/D
  -------------------------------------------------------------------    -------------------

                         (clock sys_clk_pin rise edge)
                                                      0.000     0.000 r  
    W5                                                0.000     0.000 r  clk (IN)
                         net (fo=0)                   0.000     0.000    clk
    W5                   IBUF (Prop_ibuf_I_O)         0.414     0.414 r  clk_IBUF_inst/O
                         net (fo=1, routed)           0.685     1.099    clk_IBUF
    BUFGCTRL_X0Y0        BUFG (Prop_bufg_I_O)         0.029     1.128 r  clk_IBUF_BUFG_inst/O
                         net (fo=17, routed)          0.853     1.980    mmcm/clk_IBUF_BUFG
    SLICE_X65Y22         FDRE                                         r  mmcm/count_100K_reg[11]/C
                         clock pessimism             -0.512     1.468    
    SLICE_X65Y22         FDRE (Hold_fdre_C_D)         0.105     1.573    mmcm/count_100K_reg[11]
  -------------------------------------------------------------------
                         required time                         -1.573    
                         arrival time                           1.853    
  -------------------------------------------------------------------
                         slack                                  0.280    





Pulse Width Checks
--------------------------------------------------------------------------------------
Clock Name:         sys_clk_pin
Waveform(ns):       { 0.000 5.000 }
Period(ns):         10.000
Sources:            { clk }

Check Type        Corner  Lib Pin  Reference Pin  Required(ns)  Actual(ns)  Slack(ns)  Location       Pin
Min Period        n/a     BUFG/I   n/a            2.155         10.000      7.845      BUFGCTRL_X0Y0  clk_IBUF_BUFG_inst/I
Min Period        n/a     FDRE/C   n/a            1.000         10.000      9.000      SLICE_X64Y20   mmcm/count_100K_reg[0]/C
Min Period        n/a     FDRE/C   n/a            1.000         10.000      9.000      SLICE_X65Y22   mmcm/count_100K_reg[10]/C
Min Period        n/a     FDRE/C   n/a            1.000         10.000      9.000      SLICE_X65Y22   mmcm/count_100K_reg[11]/C
Min Period        n/a     FDRE/C   n/a            1.000         10.000      9.000      SLICE_X65Y22   mmcm/count_100K_reg[12]/C
Min Period        n/a     FDRE/C   n/a            1.000         10.000      9.000      SLICE_X65Y23   mmcm/count_100K_reg[13]/C
Min Period        n/a     FDRE/C   n/a            1.000         10.000      9.000      SLICE_X65Y23   mmcm/count_100K_reg[14]/C
Min Period        n/a     FDRE/C   n/a            1.000         10.000      9.000      SLICE_X65Y23   mmcm/count_100K_reg[15]/C
Min Period        n/a     FDRE/C   n/a            1.000         10.000      9.000      SLICE_X65Y23   mmcm/count_100K_reg[16]/C
Min Period        n/a     FDRE/C   n/a            1.000         10.000      9.000      SLICE_X65Y20   mmcm/count_100K_reg[1]/C
Low Pulse Width   Slow    FDRE/C   n/a            0.500         5.000       4.500      SLICE_X64Y20   mmcm/count_100K_reg[0]/C
Low Pulse Width   Fast    FDRE/C   n/a            0.500         5.000       4.500      SLICE_X65Y22   mmcm/count_100K_reg[10]/C
Low Pulse Width   Fast    FDRE/C   n/a            0.500         5.000       4.500      SLICE_X65Y22   mmcm/count_100K_reg[11]/C
Low Pulse Width   Fast    FDRE/C   n/a            0.500         5.000       4.500      SLICE_X65Y22   mmcm/count_100K_reg[12]/C
Low Pulse Width   Fast    FDRE/C   n/a            0.500         5.000       4.500      SLICE_X65Y23   mmcm/count_100K_reg[13]/C
Low Pulse Width   Fast    FDRE/C   n/a            0.500         5.000       4.500      SLICE_X65Y23   mmcm/count_100K_reg[14]/C
Low Pulse Width   Fast    FDRE/C   n/a            0.500         5.000       4.500      SLICE_X65Y23   mmcm/count_100K_reg[15]/C
Low Pulse Width   Fast    FDRE/C   n/a            0.500         5.000       4.500      SLICE_X65Y23   mmcm/count_100K_reg[16]/C
Low Pulse Width   Slow    FDRE/C   n/a            0.500         5.000       4.500      SLICE_X65Y20   mmcm/count_100K_reg[1]/C
Low Pulse Width   Slow    FDRE/C   n/a            0.500         5.000       4.500      SLICE_X65Y20   mmcm/count_100K_reg[2]/C
High Pulse Width  Slow    FDRE/C   n/a            0.500         5.000       4.500      SLICE_X65Y22   mmcm/count_100K_reg[10]/C
High Pulse Width  Slow    FDRE/C   n/a            0.500         5.000       4.500      SLICE_X65Y22   mmcm/count_100K_reg[11]/C
High Pulse Width  Slow    FDRE/C   n/a            0.500         5.000       4.500      SLICE_X65Y22   mmcm/count_100K_reg[12]/C
High Pulse Width  Slow    FDRE/C   n/a            0.500         5.000       4.500      SLICE_X65Y23   mmcm/count_100K_reg[13]/C
High Pulse Width  Slow    FDRE/C   n/a            0.500         5.000       4.500      SLICE_X65Y23   mmcm/count_100K_reg[14]/C
High Pulse Width  Slow    FDRE/C   n/a            0.500         5.000       4.500      SLICE_X65Y23   mmcm/count_100K_reg[15]/C
High Pulse Width  Slow    FDRE/C   n/a            0.500         5.000       4.500      SLICE_X65Y23   mmcm/count_100K_reg[16]/C
High Pulse Width  Slow    FDRE/C   n/a            0.500         5.000       4.500      SLICE_X65Y22   mmcm/count_100K_reg[9]/C
High Pulse Width  Fast    FDRE/C   n/a            0.500         5.000       4.500      SLICE_X64Y20   mmcm/count_100K_reg[0]/C
High Pulse Width  Fast    FDRE/C   n/a            0.500         5.000       4.500      SLICE_X65Y22   mmcm/count_100K_reg[10]/C



