Copyright 1986-2015 Xilinx, Inc. All Rights Reserved.
------------------------------------------------------------------------------------------
| Tool Version : Vivado v.2015.4 (win64) Build 1412921 Wed Nov 18 09:43:45 MST 2015
| Date         : Thu Feb 04 17:35:30 2016
| Host         : TUCKERMARTIA7F0 running 64-bit Service Pack 1  (build 7601)
| Command      : report_control_sets -verbose -file seven_seg_top_control_sets_placed.rpt
| Design       : seven_seg_top
| Device       : xc7a35t
------------------------------------------------------------------------------------------

Control Set Information

Table of Contents
-----------------
1. Summary
2. Flip-Flop Distribution
3. Detailed Control Set Information

1. Summary
----------

+-------------------------------------------------------------------+-------+
|                               Status                              | Count |
+-------------------------------------------------------------------+-------+
| Number of unique control sets                                     |     3 |
| Minimum Number of register sites lost to control set restrictions |    13 |
+-------------------------------------------------------------------+-------+


2. Flip-Flop Distribution
-------------------------

+--------------+-----------------------+------------------------+-----------------+--------------+
| Clock Enable | Synchronous Set/Reset | Asynchronous Set/Reset | Total Registers | Total Slices |
+--------------+-----------------------+------------------------+-----------------+--------------+
| No           | No                    | No                     |               3 |            2 |
| No           | No                    | Yes                    |               0 |            0 |
| No           | Yes                   | No                     |              16 |            4 |
| Yes          | No                    | No                     |               0 |            0 |
| Yes          | No                    | Yes                    |               0 |            0 |
| Yes          | Yes                   | No                     |               0 |            0 |
+--------------+-----------------------+------------------------+-----------------+--------------+


3. Detailed Control Set Information
-----------------------------------

+------------------------------+---------------+-----------------------------+------------------+----------------+
|         Clock Signal         | Enable Signal |       Set/Reset Signal      | Slice Load Count | Bel Load Count |
+------------------------------+---------------+-----------------------------+------------------+----------------+
|  instance_name/inst/clk_out1 |               |                             |                1 |              1 |
|  mmcm/clk_1KHz               |               |                             |                1 |              2 |
|  instance_name/inst/clk_out1 |               | mmcm/count_100K[16]_i_1_n_0 |                4 |             16 |
+------------------------------+---------------+-----------------------------+------------------+----------------+


